<?xml version="1.0" encoding="UTF-8" ?>
<testsuite tests="6" failures="0" name="com.github.zhangkaitao.shiro.chapter2.AuthenticatorTest" time="0.264" errors="0" skipped="0">
  <properties>
    <property name="java.runtime.name" value="Java(TM) SE Runtime Environment"/>
    <property name="sun.boot.library.path" value="D:\2-JDk\jdk1.8.0_45\jre\bin"/>
    <property name="java.vm.version" value="25.45-b02"/>
    <property name="java.vm.vendor" value="Oracle Corporation"/>
    <property name="java.vendor.url" value="http://java.oracle.com/"/>
    <property name="path.separator" value=";"/>
    <property name="guice.disable.misplaced.annotation.check" value="true"/>
    <property name="java.vm.name" value="Java HotSpot(TM) Client VM"/>
    <property name="file.encoding.pkg" value="sun.io"/>
    <property name="user.script" value=""/>
    <property name="user.country" value="CN"/>
    <property name="sun.java.launcher" value="SUN_STANDARD"/>
    <property name="sun.os.patch.level" value="Service Pack 1"/>
    <property name="java.vm.specification.name" value="Java Virtual Machine Specification"/>
    <property name="user.dir" value="D:\3-eclipse\张开涛shiro教程源码\shiro-example-master\shiro-example-chapter2"/>
    <property name="java.runtime.version" value="1.8.0_45-b15"/>
    <property name="java.awt.graphicsenv" value="sun.awt.Win32GraphicsEnvironment"/>
    <property name="java.endorsed.dirs" value="D:\2-JDk\jdk1.8.0_45\jre\lib\endorsed"/>
    <property name="os.arch" value="x86"/>
    <property name="java.io.tmpdir" value="C:\Users\ADMINI~1\AppData\Local\Temp\"/>
    <property name="line.separator" value="
"/>
    <property name="java.vm.specification.vendor" value="Oracle Corporation"/>
    <property name="user.variant" value=""/>
    <property name="os.name" value="Windows 7"/>
    <property name="classworlds.conf" value="D:\3-eclipse\spring-tool-suite-3.6.4.RELEASE-e4.4.2-win32.zip_\space-cwp\.metadata\.plugins\org.eclipse.m2e.launching\launches\m2conf1788457251325800473.tmp"/>
    <property name="sun.jnu.encoding" value="GBK"/>
    <property name="java.library.path" value="D:\2-JDk\jdk1.8.0_45\bin;C:\Windows\Sun\Java\bin;C:\Windows\system32;C:\Windows;D:/2-JDk/jdk1.8.0_45/bin/../jre/bin/client;D:/2-JDk/jdk1.8.0_45/bin/../jre/bin;D:/2-JDk/jdk1.8.0_45/bin/../jre/lib/i386;D:\3-mysql\mysql-5.6.25-win32\bin;D:\2-Maven-Svn\Subversion-1.8.14.msi-Program_File\bin;D:\2-JDk\jdk1.8.0_45\bin;C:\Windows\system32;C:\Windows;C:\Windows\System32\Wbem;C:\Windows\System32\WindowsPowerShell\v1.0\;D:\3-mysql\mysql-5.6.25-win32\bin;D:\2-Maven-Svn\Subversion-1.8.14.msi-Program_File\bin;D:\2-JDk\jdk1.8.0_45\bin;C:\Windows\system32;C:\Windows;C:\Windows\System32\Wbem;C:\Windows\System32\WindowsPowerShell\v1.0;C:\Program Files\TortoiseSVN\bin;D:\3-mysql\mysql-5.6.25-win32\bin;D:\2-Maven-Svn\Subversion-1.8.14.msi-Program_File\bin;D:\2-JDk\jdk1.8.0_45\bin;C:\Windows\system32;C:\Windows;C:\Windows\System32\Wbem;C:\Windows\System32\WindowsPowerShell\v1.0&quot; /M;D:\3-eclipse\spring-tool-suite-3.6.4.RELEASE-e4.4.2-win32.zip_\sts-3.6.4.RELEASE;;."/>
    <property name="java.specification.name" value="Java Platform API Specification"/>
    <property name="java.class.version" value="52.0"/>
    <property name="sun.management.compiler" value="HotSpot Client Compiler"/>
    <property name="os.version" value="6.1"/>
    <property name="user.home" value="C:\Users\Administrator"/>
    <property name="user.timezone" value="Asia/Shanghai"/>
    <property name="java.awt.printerjob" value="sun.awt.windows.WPrinterJob"/>
    <property name="java.specification.version" value="1.8"/>
    <property name="file.encoding" value="GBK"/>
    <property name="user.name" value="Administrator"/>
    <property name="java.class.path" value="/D:/3-eclipse/spring-tool-suite-3.6.4.RELEASE-e4.4.2-win32.zip_/sts-3.6.4.RELEASE/plugins/org.eclipse.m2e.maven.runtime_1.5.1.20150109-1819/jars/plexus-classworlds-2.5.1.jar"/>
    <property name="org.slf4j.simpleLogger.defaultLogLevel" value="info"/>
    <property name="java.vm.specification.version" value="1.8"/>
    <property name="sun.arch.data.model" value="32"/>
    <property name="java.home" value="D:\2-JDk\jdk1.8.0_45\jre"/>
    <property name="sun.java.command" value="org.codehaus.plexus.classworlds.launcher.Launcher -B -s D:\2-Maven\.m2\开源中国的仓库settings.xml test"/>
    <property name="java.specification.vendor" value="Oracle Corporation"/>
    <property name="user.language" value="zh"/>
    <property name="awt.toolkit" value="sun.awt.windows.WToolkit"/>
    <property name="java.vm.info" value="mixed mode"/>
    <property name="java.version" value="1.8.0_45"/>
    <property name="java.ext.dirs" value="D:\2-JDk\jdk1.8.0_45\jre\lib\ext;C:\Windows\Sun\Java\lib\ext"/>
    <property name="sun.boot.class.path" value="D:\2-JDk\jdk1.8.0_45\jre\lib\resources.jar;D:\2-JDk\jdk1.8.0_45\jre\lib\rt.jar;D:\2-JDk\jdk1.8.0_45\jre\lib\sunrsasign.jar;D:\2-JDk\jdk1.8.0_45\jre\lib\jsse.jar;D:\2-JDk\jdk1.8.0_45\jre\lib\jce.jar;D:\2-JDk\jdk1.8.0_45\jre\lib\charsets.jar;D:\2-JDk\jdk1.8.0_45\jre\lib\jfr.jar;D:\2-JDk\jdk1.8.0_45\jre\classes"/>
    <property name="java.vendor" value="Oracle Corporation"/>
    <property name="maven.home" value="D:\3-eclipse\张开涛shiro教程源码\shiro-example-master\shiro-example-chapter2\EMBEDDED"/>
    <property name="file.separator" value="\"/>
    <property name="java.vendor.url.bug" value="http://bugreport.sun.com/bugreport/"/>
    <property name="sun.cpu.endian" value="little"/>
    <property name="sun.io.unicode.encoding" value="UnicodeLittle"/>
    <property name="sun.desktop" value="windows"/>
    <property name="sun.cpu.isalist" value="pentium_pro+mmx pentium_pro pentium+mmx pentium i486 i386 i86"/>
  </properties>
  <testcase classname="com.github.zhangkaitao.shiro.chapter2.AuthenticatorTest" name="testFirstOneSuccessfulStrategyWithSuccess" time="0.257"/>
  <testcase classname="com.github.zhangkaitao.shiro.chapter2.AuthenticatorTest" name="testAtLeastOneSuccessfulStrategyWithSuccess" time="0.001"/>
  <testcase classname="com.github.zhangkaitao.shiro.chapter2.AuthenticatorTest" name="testAllSuccessfulStrategyWithSuccess" time="0.002"/>
  <testcase classname="com.github.zhangkaitao.shiro.chapter2.AuthenticatorTest" name="testAllSuccessfulStrategyWithFail" time="0.001"/>
  <testcase classname="com.github.zhangkaitao.shiro.chapter2.AuthenticatorTest" name="testAtLeastTwoStrategyWithSuccess" time="0.002"/>
  <testcase classname="com.github.zhangkaitao.shiro.chapter2.AuthenticatorTest" name="testOnlyOneStrategyWithSuccess" time="0.001"/>
</testsuite>